<?xml version="1.0" encoding="UTF-8"?>
<testng-results skipped="0" failed="0" total="1" passed="1">
  <reporter-output>
  </reporter-output>
  <suite name="Command line suite" duration-ms="2004" started-at="2019-09-21T19:53:34Z" finished-at="2019-09-21T19:53:36Z">
    <groups>
    </groups>
    <test name="Command line test" duration-ms="2004" started-at="2019-09-21T19:53:34Z" finished-at="2019-09-21T19:53:36Z">
      <class name="com.AnyAUT.PrepareRun">
        <test-method status="PASS" signature="readSetUpData()[pri:0, instance:com.AnyAUT.PrepareRun@3e0a4aa2]" name="readSetUpData" is-config="true" duration-ms="1504" started-at="2019-09-21T12:53:34Z" finished-at="2019-09-21T12:53:35Z">
          <reporter-output>
          </reporter-output>
        </test-method> <!-- readSetUpData -->
        <test-method status="PASS" signature="createRunSetUpData()[pri:0, instance:com.AnyAUT.PrepareRun@3e0a4aa2]" name="createRunSetUpData" duration-ms="9" started-at="2019-09-21T12:53:35Z" finished-at="2019-09-21T12:53:35Z">
          <reporter-output>
          </reporter-output>
        </test-method> <!-- createRunSetUpData -->
        <test-method status="PASS" signature="writeRunSetupData()[pri:0, instance:com.AnyAUT.PrepareRun@3e0a4aa2]" name="writeRunSetupData" is-config="true" duration-ms="487" started-at="2019-09-21T12:53:35Z" finished-at="2019-09-21T12:53:36Z">
          <reporter-output>
          </reporter-output>
        </test-method> <!-- writeRunSetupData -->
      </class> <!-- com.AnyAUT.PrepareRun -->
    </test> <!-- Command line test -->
  </suite> <!-- Command line suite -->
</testng-results>
