<?xml version="1.0" encoding="UTF-8"?>
<testng-results skipped="0" failed="1" total="1" passed="0">
  <reporter-output>
  </reporter-output>
  <suite name="Command line suite" duration-ms="58873" started-at="2019-10-08T16:20:47Z" finished-at="2019-10-08T16:21:46Z">
    <groups>
    </groups>
    <test name="Command line test" duration-ms="58873" started-at="2019-10-08T16:20:47Z" finished-at="2019-10-08T16:21:46Z">
      <class name="com.AnyAUT.ExecuteTest">
        <test-method status="PASS" signature="readTestData()[pri:0, instance:com.AnyAUT.ExecuteTest@130d63be]" name="readTestData" is-config="true" duration-ms="484" started-at="2019-10-08T09:20:47Z" finished-at="2019-10-08T09:20:48Z">
          <reporter-output>
          </reporter-output>
        </test-method> <!-- readTestData -->
        <test-method status="FAIL" signature="executeTestSteps()[pri:0, instance:com.AnyAUT.ExecuteTest@130d63be]" name="executeTestSteps" duration-ms="58230" started-at="2019-10-08T09:20:48Z" finished-at="2019-10-08T09:21:46Z">
          <exception class="org.openqa.selenium.NoSuchSessionException">
            <message>
              <![CDATA[Tried to run command without establishing a connection
Build info: version: 'unknown', revision: '5234b32', time: '2017-03-10 08:59:44 -0800'
System info: host: 'DESKTOP-NQIIQ77', ip: '192.168.1.10', os.name: 'Windows 10', os.arch: 'amd64', os.version: '10.0', java.version: '1.8.0_141'
Driver info: org.openqa.selenium.firefox.FirefoxDriver
Capabilities [{moz:profile=C:\Users\Kosireddi\AppData\Local\Temp\rust_mozprofile.oaHOwCQhCaVL, rotatable=false, moz:geckodriverVersion=0.24.0, timeouts={implicit=0, pageLoad=300000, script=30000}, pageLoadStrategy=normal, unhandledPromptBehavior=dismiss and notify, strictFileInteractability=false, moz:headless=false, platform=XP, moz:accessibilityChecks=false, moz:useNonSpecCompliantPointerOrigin=false, acceptInsecureCerts=false, browserVersion=68.0.2, moz:shutdownTimeout=60000, platformVersion=10.0, moz:processID=29740, browserName=firefox, moz:buildID=20190813150448, javascriptEnabled=true, platformName=XP, setWindowRect=true, moz:webdriverClick=true}]
Session ID: c865a491-793a-45e9-a202-01b8dd61337c]]>
            </message>
            <full-stacktrace>
              <![CDATA[org.openqa.selenium.NoSuchSessionException: Tried to run command without establishing a connection
Build info: version: 'unknown', revision: '5234b32', time: '2017-03-10 08:59:44 -0800'
System info: host: 'DESKTOP-NQIIQ77', ip: '192.168.1.10', os.name: 'Windows 10', os.arch: 'amd64', os.version: '10.0', java.version: '1.8.0_141'
Driver info: org.openqa.selenium.firefox.FirefoxDriver
Capabilities [{moz:profile=C:\Users\Kosireddi\AppData\Local\Temp\rust_mozprofile.oaHOwCQhCaVL, rotatable=false, moz:geckodriverVersion=0.24.0, timeouts={implicit=0, pageLoad=300000, script=30000}, pageLoadStrategy=normal, unhandledPromptBehavior=dismiss and notify, strictFileInteractability=false, moz:headless=false, platform=XP, moz:accessibilityChecks=false, moz:useNonSpecCompliantPointerOrigin=false, acceptInsecureCerts=false, browserVersion=68.0.2, moz:shutdownTimeout=60000, platformVersion=10.0, moz:processID=29740, browserName=firefox, moz:buildID=20190813150448, javascriptEnabled=true, platformName=XP, setWindowRect=true, moz:webdriverClick=true}]
Session ID: c865a491-793a-45e9-a202-01b8dd61337c
	at sun.reflect.NativeConstructorAccessorImpl.newInstance0(Native Method)
	at sun.reflect.NativeConstructorAccessorImpl.newInstance(Unknown Source)
	at sun.reflect.DelegatingConstructorAccessorImpl.newInstance(Unknown Source)
	at java.lang.reflect.Constructor.newInstance(Unknown Source)
	at org.openqa.selenium.remote.http.W3CHttpResponseCodec.createException(W3CHttpResponseCodec.java:185)
	at org.openqa.selenium.remote.http.W3CHttpResponseCodec.decode(W3CHttpResponseCodec.java:120)
	at org.openqa.selenium.remote.http.W3CHttpResponseCodec.decode(W3CHttpResponseCodec.java:49)
	at org.openqa.selenium.remote.HttpCommandExecutor.execute(HttpCommandExecutor.java:164)
	at org.openqa.selenium.remote.service.DriverCommandExecutor.execute(DriverCommandExecutor.java:82)
	at org.openqa.selenium.remote.RemoteWebDriver.execute(RemoteWebDriver.java:646)
	at org.openqa.selenium.remote.RemoteWebDriver.execute(RemoteWebDriver.java:703)
	at org.openqa.selenium.remote.RemoteWebDriver.quit(RemoteWebDriver.java:542)
	at com.AnyAUT.ExecuteTest.executeTestSteps(ExecuteTest.java:247)
	at sun.reflect.NativeMethodAccessorImpl.invoke0(Native Method)
	at sun.reflect.NativeMethodAccessorImpl.invoke(Unknown Source)
	at sun.reflect.DelegatingMethodAccessorImpl.invoke(Unknown Source)
	at java.lang.reflect.Method.invoke(Unknown Source)
	at org.testng.internal.MethodInvocationHelper.invokeMethod(MethodInvocationHelper.java:85)
	at org.testng.internal.Invoker.invokeMethod(Invoker.java:639)
	at org.testng.internal.Invoker.invokeTestMethod(Invoker.java:816)
	at org.testng.internal.Invoker.invokeTestMethods(Invoker.java:1124)
	at org.testng.internal.TestMethodWorker.invokeTestMethods(TestMethodWorker.java:125)
	at org.testng.internal.TestMethodWorker.run(TestMethodWorker.java:108)
	at org.testng.TestRunner.privateRun(TestRunner.java:774)
	at org.testng.TestRunner.run(TestRunner.java:624)
	at org.testng.SuiteRunner.runTest(SuiteRunner.java:359)
	at org.testng.SuiteRunner.runSequentially(SuiteRunner.java:354)
	at org.testng.SuiteRunner.privateRun(SuiteRunner.java:312)
	at org.testng.SuiteRunner.run(SuiteRunner.java:261)
	at org.testng.SuiteRunnerWorker.runSuite(SuiteRunnerWorker.java:52)
	at org.testng.SuiteRunnerWorker.run(SuiteRunnerWorker.java:86)
	at org.testng.TestNG.runSuitesSequentially(TestNG.java:1215)
	at org.testng.TestNG.runSuitesLocally(TestNG.java:1140)
	at org.testng.TestNG.run(TestNG.java:1048)
	at com.AnyAUT.CallDriverScripts.runDriverScripts(CallDriverScripts.java:60)
	at com.AnyAUT.UICode.main(UICode.java:416)
]]>
            </full-stacktrace>
          </exception> <!-- org.openqa.selenium.NoSuchSessionException -->
          <reporter-output>
          </reporter-output>
        </test-method> <!-- executeTestSteps -->
        <test-method status="PASS" signature="getResults()[pri:0, instance:com.AnyAUT.ExecuteTest@130d63be]" name="getResults" is-config="true" duration-ms="157" started-at="2019-10-08T09:21:46Z" finished-at="2019-10-08T09:21:46Z">
          <reporter-output>
          </reporter-output>
        </test-method> <!-- getResults -->
      </class> <!-- com.AnyAUT.ExecuteTest -->
    </test> <!-- Command line test -->
  </suite> <!-- Command line suite -->
</testng-results>
